2012-12-02 12:02:54,029 [main] ERROR StackTrace  - Full Stack Trace:
Assertion failed: 

assert null != food.errors["name"]
            |  |    |     |
            |  |    |     null
            |  |    org.grails.datastore.mapping.validation.ValidationErrors: 2 errors
            |  |    Field error in object 'com.summitbid.coach.Food' on field 'description': rejected value [null]; codes [com.summitbid.coach.Food.description.nullable.error.com.summitbid.coach.Food.description,com.summitbid.coach.Food.description.nullable.error.description,com.summitbid.coach.Food.description.nullable.error.java.lang.String,com.summitbid.coach.Food.description.nullable.error,food.description.nullable.error.com.summitbid.coach.Food.description,food.description.nullable.error.description,food.description.nullable.error.java.lang.String,food.description.nullable.error,com.summitbid.coach.Food.description.nullable.com.summitbid.coach.Food.description,com.summitbid.coach.Food.description.nullable.description,com.summitbid.coach.Food.description.nullable.java.lang.String,com.summitbid.coach.Food.description.nullable,food.description.nullable.com.summitbid.coach.Food.description,food.description.nullable.description,food.description.nullable.java.lang.String,food.description.nullable,nullable.com.summitbid.coach.Food.description,nullable.description,nullable.java.lang.String,nullable]; arguments [description,class com.summitbid.coach.Food]; default message [Property [{0}] of class [{1}] cannot be null]
            |  |    Field error in object 'com.summitbid.coach.Food' on field 'nutritionData': rejected value [null]; codes [com.summitbid.coach.Food.nutritionData.nullable.error.com.summitbid.coach.Food.nutritionData,com.summitbid.coach.Food.nutritionData.nullable.error.nutritionData,com.summitbid.coach.Food.nutritionData.nullable.error.com.summitbid.coach.NutritionData,com.summitbid.coach.Food.nutritionData.nullable.error,food.nutritionData.nullable.error.com.summitbid.coach.Food.nutritionData,food.nutritionData.nullable.error.nutritionData,food.nutritionData.nullable.error.com.summitbid.coach.NutritionData,food.nutritionData.nullable.error,com.summitbid.coach.Food.nutritionData.nullable.com.summitbid.coach.Food.nutritionData,com.summitbid.coach.Food.nutritionData.nullable.nutritionData,com.summitbid.coach.Food.nutritionData.nullable.com.summitbid.coach.NutritionData,com.summitbid.coach.Food.nutritionData.nullable,food.nutritionData.nullable.com.summitbid.coach.Food.nutritionData,food.nutritionData.nullable.nutritionData,food.nutritionData.nullable.com.summitbid.coach.NutritionData,food.nutritionData.nullable,nullable.com.summitbid.coach.Food.nutritionData,nullable.nutritionData,nullable.com.summitbid.coach.NutritionData,nullable]; arguments [nutritionData,class com.summitbid.coach.Food]; default message [Property [{0}] of class [{1}] cannot be null]
            |  Food: null, null
            false

	at org.codehaus.groovy.runtime.InvokerHelper.assertFailed(InvokerHelper.java:386)
	at org.codehaus.groovy.runtime.ScriptBytecodeAdapter.assertFailed(ScriptBytecodeAdapter.java:658)
	at com.summitbid.coach.FoodUnitTests.testConstraintsFood(FoodUnitTests.groovy:42)
	at sun.reflect.NativeMethodAccessorImpl.invoke0(Native Method)
	at sun.reflect.NativeMethodAccessorImpl.invoke(NativeMethodAccessorImpl.java:39)
	at sun.reflect.DelegatingMethodAccessorImpl.invoke(DelegatingMethodAccessorImpl.java:25)
	at java.lang.reflect.Method.invoke(Method.java:597)
	at org.junit.runners.model.FrameworkMethod$1.runReflectiveCall(FrameworkMethod.java:45)
	at org.junit.internal.runners.model.ReflectiveCallable.run(ReflectiveCallable.java:15)
	at org.junit.runners.model.FrameworkMethod.invokeExplosively(FrameworkMethod.java:42)
	at org.junit.internal.runners.statements.InvokeMethod.evaluate(InvokeMethod.java:20)
	at org.junit.internal.runners.statements.RunBefores.evaluate(RunBefores.java:28)
	at org.junit.internal.runners.statements.RunAfters.evaluate(RunAfters.java:30)
	at org.junit.runners.ParentRunner.runLeaf(ParentRunner.java:263)
	at org.junit.runners.BlockJUnit4ClassRunner.runChild(BlockJUnit4ClassRunner.java:68)
	at org.junit.runners.BlockJUnit4ClassRunner.runChild(BlockJUnit4ClassRunner.java:47)
	at org.junit.runners.ParentRunner$3.run(ParentRunner.java:231)
	at org.junit.runners.ParentRunner$1.schedule(ParentRunner.java:60)
	at org.junit.runners.ParentRunner.runChildren(ParentRunner.java:229)
	at org.junit.runners.ParentRunner.access$000(ParentRunner.java:50)
	at org.junit.runners.ParentRunner$2.evaluate(ParentRunner.java:222)
	at org.junit.internal.runners.statements.RunBefores.evaluate(RunBefores.java:28)
	at org.junit.internal.runners.statements.RunAfters.evaluate(RunAfters.java:30)
	at org.junit.runners.ParentRunner.run(ParentRunner.java:300)
	at org.junit.runners.Suite.runChild(Suite.java:128)
	at org.junit.runners.Suite.runChild(Suite.java:24)
	at org.junit.runners.ParentRunner$3.run(ParentRunner.java:231)
	at org.junit.runners.ParentRunner$1.schedule(ParentRunner.java:60)
	at org.junit.runners.ParentRunner.runChildren(ParentRunner.java:229)
	at org.junit.runners.ParentRunner.access$000(ParentRunner.java:50)
	at org.junit.runners.ParentRunner$2.evaluate(ParentRunner.java:222)
	at org.junit.runners.ParentRunner.run(ParentRunner.java:300)
	at org.junit.runners.ParentRunner$run.call(Unknown Source)
	at org.codehaus.groovy.runtime.callsite.CallSiteArray.defaultCall(CallSiteArray.java:42)
	at org.codehaus.groovy.runtime.callsite.AbstractCallSite.call(AbstractCallSite.java:108)
	at org.codehaus.groovy.runtime.callsite.AbstractCallSite.call(AbstractCallSite.java:116)
	at org.codehaus.groovy.grails.test.junit4.JUnit4GrailsTestType.doRun(JUnit4GrailsTestType.groovy:112)
	at sun.reflect.NativeMethodAccessorImpl.invoke0(Native Method)
	at sun.reflect.NativeMethodAccessorImpl.invoke(NativeMethodAccessorImpl.java:39)
	at sun.reflect.DelegatingMethodAccessorImpl.invoke(DelegatingMethodAccessorImpl.java:25)
	at java.lang.reflect.Method.invoke(Method.java:597)
	at org.codehaus.groovy.runtime.callsite.PogoMetaMethodSite$PogoCachedMethodSiteNoUnwrapNoCoerce.invoke(PogoMetaMethodSite.java:267)
	at org.codehaus.groovy.runtime.callsite.PogoMetaMethodSite.callCurrent(PogoMetaMethodSite.java:52)
	at org.codehaus.groovy.runtime.callsite.CallSiteArray.defaultCallCurrent(CallSiteArray.java:46)
	at org.codehaus.groovy.runtime.callsite.AbstractCallSite.callCurrent(AbstractCallSite.java:133)
	at org.codehaus.groovy.runtime.callsite.AbstractCallSite.callCurrent(AbstractCallSite.java:141)
	at org.codehaus.groovy.grails.test.support.GrailsTestTypeSupport.run(GrailsTestTypeSupport.groovy:120)
	at org.codehaus.groovy.grails.test.GrailsTestType$run.call(Unknown Source)
	at org.codehaus.groovy.runtime.callsite.CallSiteArray.defaultCall(CallSiteArray.java:42)
	at org.codehaus.groovy.runtime.callsite.AbstractCallSite.call(AbstractCallSite.java:108)
	at org.codehaus.groovy.runtime.callsite.AbstractCallSite.call(AbstractCallSite.java:116)
	at _GrailsTest_groovy$_run_closure4.doCall(_GrailsTest_groovy:290)
	at sun.reflect.NativeMethodAccessorImpl.invoke0(Native Method)
	at sun.reflect.NativeMethodAccessorImpl.invoke(NativeMethodAccessorImpl.java:39)
	at sun.reflect.DelegatingMethodAccessorImpl.invoke(DelegatingMethodAccessorImpl.java:25)
	at java.lang.reflect.Method.invoke(Method.java:597)
	at org.codehaus.groovy.reflection.CachedMethod.invoke(CachedMethod.java:90)
	at groovy.lang.MetaMethod.doMethodInvoke(MetaMethod.java:233)
	at org.codehaus.groovy.runtime.metaclass.ClosureMetaClass.invokeMethod(ClosureMetaClass.java:272)
	at groovy.lang.MetaClassImpl.invokeMethod(MetaClassImpl.java:877)
	at groovy.lang.MetaClassImpl.invokePropertyOrMissing(MetaClassImpl.java:1093)
	at groovy.lang.MetaClassImpl.invokeMethod(MetaClassImpl.java:1049)
	at groovy.lang.MetaClassImpl.invokeMethod(MetaClassImpl.java:877)
	at groovy.lang.MetaClassImpl.invokeMethod(MetaClassImpl.java:697)
	at groovy.lang.GroovyObjectSupport.invokeMethod(GroovyObjectSupport.java:44)
	at groovy.lang.Script.invokeMethod(Script.java:78)
	at org.codehaus.groovy.runtime.metaclass.ClosureMetaClass.invokeOnDelegationObjects(ClosureMetaClass.java:407)
	at org.codehaus.groovy.runtime.metaclass.ClosureMetaClass.invokeMethod(ClosureMetaClass.java:346)
	at groovy.lang.MetaClassImpl.invokeMethod(MetaClassImpl.java:877)
	at org.codehaus.groovy.runtime.callsite.PogoMetaClassSite.callCurrent(PogoMetaClassSite.java:66)
	at org.codehaus.groovy.runtime.callsite.CallSiteArray.defaultCallCurrent(CallSiteArray.java:46)
	at org.codehaus.groovy.runtime.callsite.AbstractCallSite.callCurrent(AbstractCallSite.java:133)
	at org.codehaus.groovy.runtime.callsite.AbstractCallSite.callCurrent(AbstractCallSite.java:145)
	at _GrailsTest_groovy$_run_closure2.doCall(_GrailsTest_groovy:248)
	at sun.reflect.NativeMethodAccessorImpl.invoke0(Native Method)
	at sun.reflect.NativeMethodAccessorImpl.invoke(NativeMethodAccessorImpl.java:39)
	at sun.reflect.DelegatingMethodAccessorImpl.invoke(DelegatingMethodAccessorImpl.java:25)
	at java.lang.reflect.Method.invoke(Method.java:597)
	at org.codehaus.groovy.reflection.CachedMethod.invoke(CachedMethod.java:90)
	at groovy.lang.MetaMethod.doMethodInvoke(MetaMethod.java:233)
	at org.codehaus.groovy.runtime.metaclass.ClosureMetaClass.invokeMethod(ClosureMetaClass.java:272)
	at groovy.lang.MetaClassImpl.invokeMethod(MetaClassImpl.java:877)
	at groovy.lang.Closure.call(Closure.java:412)
	at groovy.lang.Closure.call(Closure.java:425)
	at org.codehaus.groovy.runtime.DefaultGroovyMethods.each(DefaultGroovyMethods.java:1376)
	at org.codehaus.groovy.runtime.DefaultGroovyMethods.each(DefaultGroovyMethods.java:1348)
	at org.codehaus.groovy.runtime.dgm$162.invoke(Unknown Source)
	at org.codehaus.groovy.runtime.callsite.PojoMetaMethodSite$PojoMetaMethodSiteNoUnwrapNoCoerce.invoke(PojoMetaMethodSite.java:271)
	at org.codehaus.groovy.runtime.callsite.PojoMetaMethodSite.call(PojoMetaMethodSite.java:53)
	at org.codehaus.groovy.runtime.callsite.CallSiteArray.defaultCall(CallSiteArray.java:42)
	at org.codehaus.groovy.runtime.callsite.AbstractCallSite.call(AbstractCallSite.java:108)
	at org.codehaus.groovy.runtime.callsite.AbstractCallSite.call(AbstractCallSite.java:116)
	at _GrailsTest_groovy$_run_closure1_closure21.doCall(_GrailsTest_groovy:195)
	at sun.reflect.NativeMethodAccessorImpl.invoke0(Native Method)
	at sun.reflect.NativeMethodAccessorImpl.invoke(NativeMethodAccessorImpl.java:39)
	at sun.reflect.DelegatingMethodAccessorImpl.invoke(DelegatingMethodAccessorImpl.java:25)
	at java.lang.reflect.Method.invoke(Method.java:597)
	at org.codehaus.groovy.reflection.CachedMethod.invoke(CachedMethod.java:90)
	at groovy.lang.MetaMethod.doMethodInvoke(MetaMethod.java:233)
	at org.codehaus.groovy.runtime.metaclass.ClosureMetaClass.invokeMethod(ClosureMetaClass.java:272)
	at groovy.lang.MetaClassImpl.invokeMethod(MetaClassImpl.java:877)
	at groovy.lang.Closure.call(Closure.java:412)
	at org.codehaus.groovy.runtime.DefaultGroovyMethods.callClosureForMapEntry(DefaultGroovyMethods.java:3578)
	at org.codehaus.groovy.runtime.DefaultGroovyMethods.each(DefaultGroovyMethods.java:1405)
	at org.codehaus.groovy.runtime.dgm$163.invoke(Unknown Source)
	at org.codehaus.groovy.runtime.callsite.PojoMetaMethodSite$PojoMetaMethodSiteNoUnwrapNoCoerce.invoke(PojoMetaMethodSite.java:271)
	at org.codehaus.groovy.runtime.callsite.PojoMetaMethodSite.call(PojoMetaMethodSite.java:53)
	at org.codehaus.groovy.runtime.callsite.CallSiteArray.defaultCall(CallSiteArray.java:42)
	at org.codehaus.groovy.runtime.callsite.AbstractCallSite.call(AbstractCallSite.java:108)
	at org.codehaus.groovy.runtime.callsite.AbstractCallSite.call(AbstractCallSite.java:116)
	at _GrailsTest_groovy$_run_closure1.doCall(_GrailsTest_groovy:184)
	at sun.reflect.NativeMethodAccessorImpl.invoke0(Native Method)
	at sun.reflect.NativeMethodAccessorImpl.invoke(NativeMethodAccessorImpl.java:39)
	at sun.reflect.DelegatingMethodAccessorImpl.invoke(DelegatingMethodAccessorImpl.java:25)
	at java.lang.reflect.Method.invoke(Method.java:597)
	at org.codehaus.groovy.reflection.CachedMethod.invoke(CachedMethod.java:90)
	at groovy.lang.MetaMethod.doMethodInvoke(MetaMethod.java:233)
	at org.codehaus.groovy.runtime.metaclass.ClosureMetaClass.invokeMethod(ClosureMetaClass.java:272)
	at groovy.lang.MetaClassImpl.invokeMethod(MetaClassImpl.java:877)
	at groovy.lang.DelegatingMetaClass.invokeMethod(DelegatingMetaClass.java:149)
	at org.codehaus.gant.GantMetaClass.invokeMethod(GantMetaClass.java:133)
	at org.codehaus.groovy.runtime.callsite.PogoMetaClassSite.call(PogoMetaClassSite.java:39)
	at org.codehaus.groovy.runtime.callsite.CallSiteArray.defaultCall(CallSiteArray.java:42)
	at org.codehaus.groovy.runtime.callsite.PogoMetaClassSite.call(PogoMetaClassSite.java:54)
	at org.codehaus.groovy.runtime.callsite.AbstractCallSite.call(AbstractCallSite.java:116)
	at org.codehaus.gant.GantBinding$_initializeGantBinding_closure5_closure16_closure18.doCall(GantBinding.groovy:185)
	at sun.reflect.NativeMethodAccessorImpl.invoke0(Native Method)
	at sun.reflect.NativeMethodAccessorImpl.invoke(NativeMethodAccessorImpl.java:39)
	at sun.reflect.DelegatingMethodAccessorImpl.invoke(DelegatingMethodAccessorImpl.java:25)
	at java.lang.reflect.Method.invoke(Method.java:597)
	at org.codehaus.groovy.reflection.CachedMethod.invoke(CachedMethod.java:90)
	at groovy.lang.MetaMethod.doMethodInvoke(MetaMethod.java:233)
	at org.codehaus.groovy.runtime.metaclass.ClosureMetaClass.invokeMethod(ClosureMetaClass.java:272)
	at groovy.lang.MetaClassImpl.invokeMethod(MetaClassImpl.java:877)
	at org.codehaus.groovy.runtime.callsite.PogoMetaClassSite.callCurrent(PogoMetaClassSite.java:66)
	at org.codehaus.groovy.runtime.callsite.AbstractCallSite.callCurrent(AbstractCallSite.java:141)
	at org.codehaus.gant.GantBinding$_initializeGantBinding_closure5_closure16_closure18.doCall(GantBinding.groovy)
	at sun.reflect.NativeMethodAccessorImpl.invoke0(Native Method)
	at sun.reflect.NativeMethodAccessorImpl.invoke(NativeMethodAccessorImpl.java:39)
	at sun.reflect.DelegatingMethodAccessorImpl.invoke(DelegatingMethodAccessorImpl.java:25)
	at java.lang.reflect.Method.invoke(Method.java:597)
	at org.codehaus.groovy.reflection.CachedMethod.invoke(CachedMethod.java:90)
	at groovy.lang.MetaMethod.doMethodInvoke(MetaMethod.java:233)
	at org.codehaus.groovy.runtime.metaclass.ClosureMetaClass.invokeMethod(ClosureMetaClass.java:272)
	at groovy.lang.MetaClassImpl.invokeMethod(MetaClassImpl.java:877)
	at org.codehaus.groovy.runtime.callsite.PogoMetaClassSite.call(PogoMetaClassSite.java:39)
	at org.codehaus.groovy.runtime.callsite.AbstractCallSite.call(AbstractCallSite.java:112)
	at org.codehaus.gant.GantBinding.withTargetEvent(GantBinding.groovy:90)
	at org.codehaus.gant.GantBinding.this$4$withTargetEvent(GantBinding.groovy)
	at sun.reflect.NativeMethodAccessorImpl.invoke0(Native Method)
	at sun.reflect.NativeMethodAccessorImpl.invoke(NativeMethodAccessorImpl.java:39)
	at sun.reflect.DelegatingMethodAccessorImpl.invoke(DelegatingMethodAccessorImpl.java:25)
	at java.lang.reflect.Method.invoke(Method.java:597)
	at org.codehaus.groovy.reflection.CachedMethod.invoke(CachedMethod.java:90)
	at groovy.lang.MetaMethod.doMethodInvoke(MetaMethod.java:233)
	at org.codehaus.groovy.runtime.metaclass.ClosureMetaClass.invokeMethod(ClosureMetaClass.java:361)
	at groovy.lang.MetaClassImpl.invokeMethod(MetaClassImpl.java:877)
	at org.codehaus.groovy.runtime.callsite.PogoMetaClassSite.callCurrent(PogoMetaClassSite.java:66)
	at org.codehaus.groovy.runtime.callsite.AbstractCallSite.callCurrent(AbstractCallSite.java:149)
	at org.codehaus.gant.GantBinding$_initializeGantBinding_closure5_closure16.doCall(GantBinding.groovy:185)
	at sun.reflect.NativeMethodAccessorImpl.invoke0(Native Method)
	at sun.reflect.NativeMethodAccessorImpl.invoke(NativeMethodAccessorImpl.java:39)
	at sun.reflect.DelegatingMethodAccessorImpl.invoke(DelegatingMethodAccessorImpl.java:25)
	at java.lang.reflect.Method.invoke(Method.java:597)
	at org.codehaus.groovy.reflection.CachedMethod.invoke(CachedMethod.java:90)
	at groovy.lang.MetaMethod.doMethodInvoke(MetaMethod.java:233)
	at org.codehaus.groovy.runtime.metaclass.ClosureMetaClass.invokeMethod(ClosureMetaClass.java:272)
	at groovy.lang.MetaClassImpl.invokeMethod(MetaClassImpl.java:877)
	at org.codehaus.groovy.runtime.callsite.PogoMetaClassSite.callCurrent(PogoMetaClassSite.java:66)
	at org.codehaus.groovy.runtime.callsite.AbstractCallSite.callCurrent(AbstractCallSite.java:141)
	at org.codehaus.gant.GantBinding$_initializeGantBinding_closure5_closure16.doCall(GantBinding.groovy)
	at sun.reflect.NativeMethodAccessorImpl.invoke0(Native Method)
	at sun.reflect.NativeMethodAccessorImpl.invoke(NativeMethodAccessorImpl.java:39)
	at sun.reflect.DelegatingMethodAccessorImpl.invoke(DelegatingMethodAccessorImpl.java:25)
	at java.lang.reflect.Method.invoke(Method.java:597)
	at org.codehaus.groovy.reflection.CachedMethod.invoke(CachedMethod.java:90)
	at groovy.lang.MetaMethod.doMethodInvoke(MetaMethod.java:233)
	at org.codehaus.groovy.runtime.metaclass.ClosureMetaClass.invokeMethod(ClosureMetaClass.java:272)
	at groovy.lang.MetaClassImpl.invokeMethod(MetaClassImpl.java:877)
	at groovy.lang.MetaClassImpl.invokePropertyOrMissing(MetaClassImpl.java:1093)
	at groovy.lang.MetaClassImpl.invokeMethod(MetaClassImpl.java:1049)
	at groovy.lang.MetaClassImpl.invokeMethod(MetaClassImpl.java:877)
	at groovy.lang.MetaClassImpl.invokeMethod(MetaClassImpl.java:697)
	at groovy.lang.GroovyObjectSupport.invokeMethod(GroovyObjectSupport.java:44)
	at groovy.lang.Script.invokeMethod(Script.java:78)
	at org.codehaus.groovy.runtime.metaclass.ClosureMetaClass.invokeOnDelegationObjects(ClosureMetaClass.java:407)
	at org.codehaus.groovy.runtime.metaclass.ClosureMetaClass.invokeMethod(ClosureMetaClass.java:346)
	at groovy.lang.MetaClassImpl.invokeMethod(MetaClassImpl.java:877)
	at groovy.lang.DelegatingMetaClass.invokeMethod(DelegatingMetaClass.java:149)
	at org.codehaus.gant.GantMetaClass.invokeMethod(GantMetaClass.java:133)
	at org.codehaus.groovy.runtime.callsite.PogoMetaClassSite.callCurrent(PogoMetaClassSite.java:66)
	at org.codehaus.groovy.runtime.callsite.CallSiteArray.defaultCallCurrent(CallSiteArray.java:46)
	at org.codehaus.groovy.runtime.callsite.AbstractCallSite.callCurrent(AbstractCallSite.java:133)
	at org.codehaus.groovy.runtime.callsite.AbstractCallSite.callCurrent(AbstractCallSite.java:137)
	at TestApp$_run_closure1.doCall(TestApp.groovy:82)
	at sun.reflect.NativeMethodAccessorImpl.invoke0(Native Method)
	at sun.reflect.NativeMethodAccessorImpl.invoke(NativeMethodAccessorImpl.java:39)
	at sun.reflect.DelegatingMethodAccessorImpl.invoke(DelegatingMethodAccessorImpl.java:25)
	at java.lang.reflect.Method.invoke(Method.java:597)
	at org.codehaus.groovy.reflection.CachedMethod.invoke(CachedMethod.java:90)
	at groovy.lang.MetaMethod.doMethodInvoke(MetaMethod.java:233)
	at org.codehaus.groovy.runtime.metaclass.ClosureMetaClass.invokeMethod(ClosureMetaClass.java:272)
	at groovy.lang.MetaClassImpl.invokeMethod(MetaClassImpl.java:877)
	at groovy.lang.DelegatingMetaClass.invokeMethod(DelegatingMetaClass.java:149)
	at org.codehaus.gant.GantMetaClass.invokeMethod(GantMetaClass.java:133)
	at org.codehaus.groovy.runtime.callsite.PogoMetaClassSite.call(PogoMetaClassSite.java:39)
	at org.codehaus.groovy.runtime.callsite.CallSiteArray.defaultCall(CallSiteArray.java:42)
	at org.codehaus.groovy.runtime.callsite.PogoMetaClassSite.call(PogoMetaClassSite.java:54)
	at org.codehaus.groovy.runtime.callsite.AbstractCallSite.call(AbstractCallSite.java:116)
	at org.codehaus.gant.GantBinding$_initializeGantBinding_closure5_closure16_closure18.doCall(GantBinding.groovy:185)
	at sun.reflect.NativeMethodAccessorImpl.invoke0(Native Method)
	at sun.reflect.NativeMethodAccessorImpl.invoke(NativeMethodAccessorImpl.java:39)
	at sun.reflect.DelegatingMethodAccessorImpl.invoke(DelegatingMethodAccessorImpl.java:25)
	at java.lang.reflect.Method.invoke(Method.java:597)
	at org.codehaus.groovy.reflection.CachedMethod.invoke(CachedMethod.java:90)
	at groovy.lang.MetaMethod.doMethodInvoke(MetaMethod.java:233)
	at org.codehaus.groovy.runtime.metaclass.ClosureMetaClass.invokeMethod(ClosureMetaClass.java:272)
	at groovy.lang.MetaClassImpl.invokeMethod(MetaClassImpl.java:877)
	at org.codehaus.groovy.runtime.callsite.PogoMetaClassSite.callCurrent(PogoMetaClassSite.java:66)
	at org.codehaus.groovy.runtime.callsite.AbstractCallSite.callCurrent(AbstractCallSite.java:141)
	at org.codehaus.gant.GantBinding$_initializeGantBinding_closure5_closure16_closure18.doCall(GantBinding.groovy)
	at sun.reflect.NativeMethodAccessorImpl.invoke0(Native Method)
	at sun.reflect.NativeMethodAccessorImpl.invoke(NativeMethodAccessorImpl.java:39)
	at sun.reflect.DelegatingMethodAccessorImpl.invoke(DelegatingMethodAccessorImpl.java:25)
	at java.lang.reflect.Method.invoke(Method.java:597)
	at org.codehaus.groovy.reflection.CachedMethod.invoke(CachedMethod.java:90)
	at groovy.lang.MetaMethod.doMethodInvoke(MetaMethod.java:233)
	at org.codehaus.groovy.runtime.metaclass.ClosureMetaClass.invokeMethod(ClosureMetaClass.java:272)
	at groovy.lang.MetaClassImpl.invokeMethod(MetaClassImpl.java:877)
	at org.codehaus.groovy.runtime.callsite.PogoMetaClassSite.call(PogoMetaClassSite.java:39)
	at org.codehaus.groovy.runtime.callsite.AbstractCallSite.call(AbstractCallSite.java:112)
	at org.codehaus.gant.GantBinding.withTargetEvent(GantBinding.groovy:90)
	at org.codehaus.gant.GantBinding.this$4$withTargetEvent(GantBinding.groovy)
	at sun.reflect.NativeMethodAccessorImpl.invoke0(Native Method)
	at sun.reflect.NativeMethodAccessorImpl.invoke(NativeMethodAccessorImpl.java:39)
	at sun.reflect.DelegatingMethodAccessorImpl.invoke(DelegatingMethodAccessorImpl.java:25)
	at java.lang.reflect.Method.invoke(Method.java:597)
	at org.codehaus.groovy.reflection.CachedMethod.invoke(CachedMethod.java:90)
	at groovy.lang.MetaMethod.doMethodInvoke(MetaMethod.java:233)
	at org.codehaus.groovy.runtime.metaclass.ClosureMetaClass.invokeMethod(ClosureMetaClass.java:361)
	at groovy.lang.MetaClassImpl.invokeMethod(MetaClassImpl.java:877)
	at org.codehaus.groovy.runtime.callsite.PogoMetaClassSite.callCurrent(PogoMetaClassSite.java:66)
	at org.codehaus.groovy.runtime.callsite.AbstractCallSite.callCurrent(AbstractCallSite.java:149)
	at org.codehaus.gant.GantBinding$_initializeGantBinding_closure5_closure16.doCall(GantBinding.groovy:185)
	at sun.reflect.NativeMethodAccessorImpl.invoke0(Native Method)
	at sun.reflect.NativeMethodAccessorImpl.invoke(NativeMethodAccessorImpl.java:39)
	at sun.reflect.DelegatingMethodAccessorImpl.invoke(DelegatingMethodAccessorImpl.java:25)
	at java.lang.reflect.Method.invoke(Method.java:597)
	at org.codehaus.groovy.reflection.CachedMethod.invoke(CachedMethod.java:90)
	at groovy.lang.MetaMethod.doMethodInvoke(MetaMethod.java:233)
	at org.codehaus.groovy.runtime.metaclass.ClosureMetaClass.invokeMethod(ClosureMetaClass.java:272)
	at groovy.lang.MetaClassImpl.invokeMethod(MetaClassImpl.java:877)
	at org.codehaus.groovy.runtime.callsite.PogoMetaClassSite.callCurrent(PogoMetaClassSite.java:66)
	at org.codehaus.groovy.runtime.callsite.AbstractCallSite.callCurrent(AbstractCallSite.java:141)
	at org.codehaus.gant.GantBinding$_initializeGantBinding_closure5_closure16.doCall(GantBinding.groovy)
	at sun.reflect.NativeMethodAccessorImpl.invoke0(Native Method)
	at sun.reflect.NativeMethodAccessorImpl.invoke(NativeMethodAccessorImpl.java:39)
	at sun.reflect.DelegatingMethodAccessorImpl.invoke(DelegatingMethodAccessorImpl.java:25)
	at java.lang.reflect.Method.invoke(Method.java:597)
	at org.codehaus.groovy.reflection.CachedMethod.invoke(CachedMethod.java:90)
	at groovy.lang.MetaMethod.doMethodInvoke(MetaMethod.java:233)
	at org.codehaus.groovy.runtime.metaclass.ClosureMetaClass.invokeMethod(ClosureMetaClass.java:272)
	at groovy.lang.MetaClassImpl.invokeMethod(MetaClassImpl.java:877)
	at org.codehaus.groovy.runtime.callsite.PogoMetaClassSite.call(PogoMetaClassSite.java:39)
	at org.codehaus.groovy.runtime.callsite.CallSiteArray.defaultCall(CallSiteArray.java:42)
	at org.codehaus.groovy.runtime.callsite.AbstractCallSite.call(AbstractCallSite.java:108)
	at org.codehaus.groovy.runtime.callsite.AbstractCallSite.call(AbstractCallSite.java:112)
	at gant.Gant$_dispatch_closure5.doCall(Gant.groovy:381)
	at sun.reflect.NativeMethodAccessorImpl.invoke0(Native Method)
	at sun.reflect.NativeMethodAccessorImpl.invoke(NativeMethodAccessorImpl.java:39)
	at sun.reflect.DelegatingMethodAccessorImpl.invoke(DelegatingMethodAccessorImpl.java:25)
	at java.lang.reflect.Method.invoke(Method.java:597)
	at org.codehaus.groovy.reflection.CachedMethod.invoke(CachedMethod.java:90)
	at groovy.lang.MetaMethod.doMethodInvoke(MetaMethod.java:233)
	at org.codehaus.groovy.runtime.metaclass.ClosureMetaClass.invokeMethod(ClosureMetaClass.java:272)
	at groovy.lang.MetaClassImpl.invokeMethod(MetaClassImpl.java:877)
	at org.codehaus.groovy.runtime.callsite.PogoMetaClassSite.call(PogoMetaClassSite.java:39)
	at org.codehaus.groovy.runtime.callsite.CallSiteArray.defaultCall(CallSiteArray.java:42)
	at org.codehaus.groovy.runtime.callsite.AbstractCallSite.call(AbstractCallSite.java:108)
	at org.codehaus.groovy.runtime.callsite.AbstractCallSite.call(AbstractCallSite.java:116)
	at gant.Gant$_dispatch_closure7.doCall(Gant.groovy:415)
	at sun.reflect.NativeMethodAccessorImpl.invoke0(Native Method)
	at sun.reflect.NativeMethodAccessorImpl.invoke(NativeMethodAccessorImpl.java:39)
	at sun.reflect.DelegatingMethodAccessorImpl.invoke(DelegatingMethodAccessorImpl.java:25)
	at java.lang.reflect.Method.invoke(Method.java:597)
	at org.codehaus.groovy.reflection.CachedMethod.invoke(CachedMethod.java:90)
	at groovy.lang.MetaMethod.doMethodInvoke(MetaMethod.java:233)
	at org.codehaus.groovy.runtime.metaclass.ClosureMetaClass.invokeMethod(ClosureMetaClass.java:272)
	at groovy.lang.MetaClassImpl.invokeMethod(MetaClassImpl.java:877)
	at org.codehaus.groovy.runtime.callsite.PogoMetaClassSite.callCurrent(PogoMetaClassSite.java:66)
	at org.codehaus.groovy.runtime.callsite.CallSiteArray.defaultCallCurrent(CallSiteArray.java:46)
	at org.codehaus.groovy.runtime.callsite.AbstractCallSite.callCurrent(AbstractCallSite.java:133)
	at org.codehaus.groovy.runtime.callsite.AbstractCallSite.callCurrent(AbstractCallSite.java:141)
	at gant.Gant$_dispatch_closure7.doCall(Gant.groovy)
	at sun.reflect.NativeMethodAccessorImpl.invoke0(Native Method)
	at sun.reflect.NativeMethodAccessorImpl.invoke(NativeMethodAccessorImpl.java:39)
	at sun.reflect.DelegatingMethodAccessorImpl.invoke(DelegatingMethodAccessorImpl.java:25)
	at java.lang.reflect.Method.invoke(Method.java:597)
	at org.codehaus.groovy.reflection.CachedMethod.invoke(CachedMethod.java:90)
	at groovy.lang.MetaMethod.doMethodInvoke(MetaMethod.java:233)
	at org.codehaus.groovy.runtime.metaclass.ClosureMetaClass.invokeMethod(ClosureMetaClass.java:272)
	at groovy.lang.MetaClassImpl.invokeMethod(MetaClassImpl.java:877)
	at org.codehaus.groovy.runtime.callsite.PogoMetaClassSite.call(PogoMetaClassSite.java:39)
	at org.codehaus.groovy.runtime.callsite.CallSiteArray.defaultCall(CallSiteArray.java:42)
	at org.codehaus.groovy.runtime.callsite.AbstractCallSite.call(AbstractCallSite.java:108)
	at org.codehaus.groovy.runtime.callsite.AbstractCallSite.call(AbstractCallSite.java:112)
	at gant.Gant.withBuildListeners(Gant.groovy:427)
	at gant.Gant.this$2$withBuildListeners(Gant.groovy)
	at gant.Gant$this$2$withBuildListeners.callCurrent(Unknown Source)
	at org.codehaus.groovy.runtime.callsite.CallSiteArray.defaultCallCurrent(CallSiteArray.java:46)
	at org.codehaus.groovy.runtime.callsite.AbstractCallSite.callCurrent(AbstractCallSite.java:133)
	at org.codehaus.groovy.runtime.callsite.AbstractCallSite.callCurrent(AbstractCallSite.java:141)
	at gant.Gant.dispatch(Gant.groovy:415)
	at gant.Gant.this$2$dispatch(Gant.groovy)
	at sun.reflect.NativeMethodAccessorImpl.invoke0(Native Method)
	at sun.reflect.NativeMethodAccessorImpl.invoke(NativeMethodAccessorImpl.java:39)
	at sun.reflect.DelegatingMethodAccessorImpl.invoke(DelegatingMethodAccessorImpl.java:25)
	at java.lang.reflect.Method.invoke(Method.java:597)
	at org.codehaus.groovy.reflection.CachedMethod.invoke(CachedMethod.java:90)
	at groovy.lang.MetaMethod.doMethodInvoke(MetaMethod.java:233)
	at groovy.lang.MetaClassImpl.invokeMethod(MetaClassImpl.java:1047)
	at groovy.lang.MetaClassImpl.invokeMethod(MetaClassImpl.java:877)
	at groovy.lang.MetaClassImpl.invokeMethod(MetaClassImpl.java:699)
	at gant.Gant.invokeMethod(Gant.groovy)
	at groovy.lang.GroovyObject$invokeMethod.callCurrent(Unknown Source)
	at org.codehaus.groovy.runtime.callsite.CallSiteArray.defaultCallCurrent(CallSiteArray.java:46)
	at org.codehaus.groovy.runtime.callsite.AbstractCallSite.callCurrent(AbstractCallSite.java:133)
	at org.codehaus.groovy.runtime.callsite.AbstractCallSite.callCurrent(AbstractCallSite.java:145)
	at gant.Gant.executeTargets(Gant.groovy:591)
	at sun.reflect.NativeMethodAccessorImpl.invoke0(Native Method)
	at sun.reflect.NativeMethodAccessorImpl.invoke(NativeMethodAccessorImpl.java:39)
	at sun.reflect.DelegatingMethodAccessorImpl.invoke(DelegatingMethodAccessorImpl.java:25)
	at java.lang.reflect.Method.invoke(Method.java:597)
	at org.codehaus.groovy.runtime.callsite.PogoMetaMethodSite$PogoCachedMethodSite.invoke(PogoMetaMethodSite.java:226)
	at org.codehaus.groovy.runtime.callsite.PogoMetaMethodSite.callCurrent(PogoMetaMethodSite.java:52)
	at org.codehaus.groovy.runtime.callsite.CallSiteArray.defaultCallCurrent(CallSiteArray.java:46)
	at org.codehaus.groovy.runtime.callsite.AbstractCallSite.callCurrent(AbstractCallSite.java:133)
	at org.codehaus.groovy.runtime.callsite.AbstractCallSite.callCurrent(AbstractCallSite.java:145)
	at gant.Gant.executeTargets(Gant.groovy:590)
	at org.codehaus.groovy.grails.cli.GrailsScriptRunner.executeWithGantInstance(GrailsScriptRunner.java:690)
	at org.codehaus.groovy.grails.cli.GrailsScriptRunner.executeScriptFile(GrailsScriptRunner.java:494)
	at org.codehaus.groovy.grails.cli.GrailsScriptRunner.executeScriptWithCaching(GrailsScriptRunner.java:429)
	at org.codehaus.groovy.grails.cli.GrailsScriptRunner.callPluginOrGrailsScript(GrailsScriptRunner.java:380)
	at org.codehaus.groovy.grails.cli.GrailsScriptRunner.executeCommand(GrailsScriptRunner.java:359)
	at org.codehaus.groovy.grails.cli.GrailsScriptRunner.main(GrailsScriptRunner.java:225)
	at sun.reflect.NativeMethodAccessorImpl.invoke0(Native Method)
	at sun.reflect.NativeMethodAccessorImpl.invoke(NativeMethodAccessorImpl.java:39)
	at sun.reflect.DelegatingMethodAccessorImpl.invoke(DelegatingMethodAccessorImpl.java:25)
	at java.lang.reflect.Method.invoke(Method.java:597)
	at org.codehaus.groovy.grails.cli.support.GrailsStarter.rootLoader(GrailsStarter.java:234)
	at org.codehaus.groovy.grails.cli.support.GrailsStarter.main(GrailsStarter.java:262)
2012-12-02 12:02:54,037 [main] ERROR StackTrace  - Full Stack Trace:
Assertion failed: 

assert null != food.errors["name"]
            |  |    |     |
            |  |    |     null
            |  |    org.grails.datastore.mapping.validation.ValidationErrors: 2 errors
            |  |    Field error in object 'com.summitbid.coach.Food' on field 'description': rejected value [null]; codes [com.summitbid.coach.Food.description.nullable.error.com.summitbid.coach.Food.description,com.summitbid.coach.Food.description.nullable.error.description,com.summitbid.coach.Food.description.nullable.error.java.lang.String,com.summitbid.coach.Food.description.nullable.error,food.description.nullable.error.com.summitbid.coach.Food.description,food.description.nullable.error.description,food.description.nullable.error.java.lang.String,food.description.nullable.error,com.summitbid.coach.Food.description.nullable.com.summitbid.coach.Food.description,com.summitbid.coach.Food.description.nullable.description,com.summitbid.coach.Food.description.nullable.java.lang.String,com.summitbid.coach.Food.description.nullable,food.description.nullable.com.summitbid.coach.Food.description,food.description.nullable.description,food.description.nullable.java.lang.String,food.description.nullable,nullable.com.summitbid.coach.Food.description,nullable.description,nullable.java.lang.String,nullable]; arguments [description,class com.summitbid.coach.Food]; default message [Property [{0}] of class [{1}] cannot be null]
            |  |    Field error in object 'com.summitbid.coach.Food' on field 'nutritionData': rejected value [null]; codes [com.summitbid.coach.Food.nutritionData.nullable.error.com.summitbid.coach.Food.nutritionData,com.summitbid.coach.Food.nutritionData.nullable.error.nutritionData,com.summitbid.coach.Food.nutritionData.nullable.error.com.summitbid.coach.NutritionData,com.summitbid.coach.Food.nutritionData.nullable.error,food.nutritionData.nullable.error.com.summitbid.coach.Food.nutritionData,food.nutritionData.nullable.error.nutritionData,food.nutritionData.nullable.error.com.summitbid.coach.NutritionData,food.nutritionData.nullable.error,com.summitbid.coach.Food.nutritionData.nullable.com.summitbid.coach.Food.nutritionData,com.summitbid.coach.Food.nutritionData.nullable.nutritionData,com.summitbid.coach.Food.nutritionData.nullable.com.summitbid.coach.NutritionData,com.summitbid.coach.Food.nutritionData.nullable,food.nutritionData.nullable.com.summitbid.coach.Food.nutritionData,food.nutritionData.nullable.nutritionData,food.nutritionData.nullable.com.summitbid.coach.NutritionData,food.nutritionData.nullable,nullable.com.summitbid.coach.Food.nutritionData,nullable.nutritionData,nullable.com.summitbid.coach.NutritionData,nullable]; arguments [nutritionData,class com.summitbid.coach.Food]; default message [Property [{0}] of class [{1}] cannot be null]
            |  Food: null, null
            false

	at com.summitbid.coach.FoodUnitTests.testConstraintsFood(FoodUnitTests.groovy:42)
2012-12-02 12:02:54,063 [main] ERROR StackTrace  - Full Stack Trace:
junit.framework.AssertionFailedError: Assertion failed: 

assert null != food.errors["name"]
            |  |    |     |
            |  |    |     null
            |  |    org.grails.datastore.mapping.validation.ValidationErrors: 2 errors
            |  |    Field error in object 'com.summitbid.coach.Food' on field 'description': rejected value [null]; codes [com.summitbid.coach.Food.description.nullable.error.com.summitbid.coach.Food.description,com.summitbid.coach.Food.description.nullable.error.description,com.summitbid.coach.Food.description.nullable.error.java.lang.String,com.summitbid.coach.Food.description.nullable.error,food.description.nullable.error.com.summitbid.coach.Food.description,food.description.nullable.error.description,food.description.nullable.error.java.lang.String,food.description.nullable.error,com.summitbid.coach.Food.description.nullable.com.summitbid.coach.Food.description,com.summitbid.coach.Food.description.nullable.description,com.summitbid.coach.Food.description.nullable.java.lang.String,com.summitbid.coach.Food.description.nullable,food.description.nullable.com.summitbid.coach.Food.description,food.description.nullable.description,food.description.nullable.java.lang.String,food.description.nullable,nullable.com.summitbid.coach.Food.description,nullable.description,nullable.java.lang.String,nullable]; arguments [description,class com.summitbid.coach.Food]; default message [Property [{0}] of class [{1}] cannot be null]
            |  |    Field error in object 'com.summitbid.coach.Food' on field 'nutritionData': rejected value [null]; codes [com.summitbid.coach.Food.nutritionData.nullable.error.com.summitbid.coach.Food.nutritionData,com.summitbid.coach.Food.nutritionData.nullable.error.nutritionData,com.summitbid.coach.Food.nutritionData.nullable.error.com.summitbid.coach.NutritionData,com.summitbid.coach.Food.nutritionData.nullable.error,food.nutritionData.nullable.error.com.summitbid.coach.Food.nutritionData,food.nutritionData.nullable.error.nutritionData,food.nutritionData.nullable.error.com.summitbid.coach.NutritionData,food.nutritionData.nullable.error,com.summitbid.coach.Food.nutritionData.nullable.com.summitbid.coach.Food.nutritionData,com.summitbid.coach.Food.nutritionData.nullable.nutritionData,com.summitbid.coach.Food.nutritionData.nullable.com.summitbid.coach.NutritionData,com.summitbid.coach.Food.nutritionData.nullable,food.nutritionData.nullable.com.summitbid.coach.Food.nutritionData,food.nutritionData.nullable.nutritionData,food.nutritionData.nullable.com.summitbid.coach.NutritionData,food.nutritionData.nullable,nullable.com.summitbid.coach.Food.nutritionData,nullable.nutritionData,nullable.com.summitbid.coach.NutritionData,nullable]; arguments [nutritionData,class com.summitbid.coach.Food]; default message [Property [{0}] of class [{1}] cannot be null]
            |  Food: null, null
            false

	at com.summitbid.coach.FoodUnitTests.testConstraintsFood(FoodUnitTests.groovy:42)
2012-12-02 12:02:54,063 [main] ERROR StackTrace  - Full Stack Trace:
junit.framework.AssertionFailedError: Assertion failed: 

assert null != food.errors["name"]
            |  |    |     |
            |  |    |     null
            |  |    org.grails.datastore.mapping.validation.ValidationErrors: 2 errors
            |  |    Field error in object 'com.summitbid.coach.Food' on field 'description': rejected value [null]; codes [com.summitbid.coach.Food.description.nullable.error.com.summitbid.coach.Food.description,com.summitbid.coach.Food.description.nullable.error.description,com.summitbid.coach.Food.description.nullable.error.java.lang.String,com.summitbid.coach.Food.description.nullable.error,food.description.nullable.error.com.summitbid.coach.Food.description,food.description.nullable.error.description,food.description.nullable.error.java.lang.String,food.description.nullable.error,com.summitbid.coach.Food.description.nullable.com.summitbid.coach.Food.description,com.summitbid.coach.Food.description.nullable.description,com.summitbid.coach.Food.description.nullable.java.lang.String,com.summitbid.coach.Food.description.nullable,food.description.nullable.com.summitbid.coach.Food.description,food.description.nullable.description,food.description.nullable.java.lang.String,food.description.nullable,nullable.com.summitbid.coach.Food.description,nullable.description,nullable.java.lang.String,nullable]; arguments [description,class com.summitbid.coach.Food]; default message [Property [{0}] of class [{1}] cannot be null]
            |  |    Field error in object 'com.summitbid.coach.Food' on field 'nutritionData': rejected value [null]; codes [com.summitbid.coach.Food.nutritionData.nullable.error.com.summitbid.coach.Food.nutritionData,com.summitbid.coach.Food.nutritionData.nullable.error.nutritionData,com.summitbid.coach.Food.nutritionData.nullable.error.com.summitbid.coach.NutritionData,com.summitbid.coach.Food.nutritionData.nullable.error,food.nutritionData.nullable.error.com.summitbid.coach.Food.nutritionData,food.nutritionData.nullable.error.nutritionData,food.nutritionData.nullable.error.com.summitbid.coach.NutritionData,food.nutritionData.nullable.error,com.summitbid.coach.Food.nutritionData.nullable.com.summitbid.coach.Food.nutritionData,com.summitbid.coach.Food.nutritionData.nullable.nutritionData,com.summitbid.coach.Food.nutritionData.nullable.com.summitbid.coach.NutritionData,com.summitbid.coach.Food.nutritionData.nullable,food.nutritionData.nullable.com.summitbid.coach.Food.nutritionData,food.nutritionData.nullable.nutritionData,food.nutritionData.nullable.com.summitbid.coach.NutritionData,food.nutritionData.nullable,nullable.com.summitbid.coach.Food.nutritionData,nullable.nutritionData,nullable.com.summitbid.coach.NutritionData,nullable]; arguments [nutritionData,class com.summitbid.coach.Food]; default message [Property [{0}] of class [{1}] cannot be null]
            |  Food: null, null
            false

	at com.summitbid.coach.FoodUnitTests.testConstraintsFood(FoodUnitTests.groovy:42)
2012-12-02 12:02:54,083 [main] ERROR StackTrace  - Full Stack Trace:
junit.framework.AssertionFailedError: Assertion failed: 

assert null != food.errors["name"]
            |  |    |     |
            |  |    |     null
            |  |    org.grails.datastore.mapping.validation.ValidationErrors: 2 errors
            |  |    Field error in object 'com.summitbid.coach.Food' on field 'description': rejected value [null]; codes [com.summitbid.coach.Food.description.nullable.error.com.summitbid.coach.Food.description,com.summitbid.coach.Food.description.nullable.error.description,com.summitbid.coach.Food.description.nullable.error.java.lang.String,com.summitbid.coach.Food.description.nullable.error,food.description.nullable.error.com.summitbid.coach.Food.description,food.description.nullable.error.description,food.description.nullable.error.java.lang.String,food.description.nullable.error,com.summitbid.coach.Food.description.nullable.com.summitbid.coach.Food.description,com.summitbid.coach.Food.description.nullable.description,com.summitbid.coach.Food.description.nullable.java.lang.String,com.summitbid.coach.Food.description.nullable,food.description.nullable.com.summitbid.coach.Food.description,food.description.nullable.description,food.description.nullable.java.lang.String,food.description.nullable,nullable.com.summitbid.coach.Food.description,nullable.description,nullable.java.lang.String,nullable]; arguments [description,class com.summitbid.coach.Food]; default message [Property [{0}] of class [{1}] cannot be null]
            |  |    Field error in object 'com.summitbid.coach.Food' on field 'nutritionData': rejected value [null]; codes [com.summitbid.coach.Food.nutritionData.nullable.error.com.summitbid.coach.Food.nutritionData,com.summitbid.coach.Food.nutritionData.nullable.error.nutritionData,com.summitbid.coach.Food.nutritionData.nullable.error.com.summitbid.coach.NutritionData,com.summitbid.coach.Food.nutritionData.nullable.error,food.nutritionData.nullable.error.com.summitbid.coach.Food.nutritionData,food.nutritionData.nullable.error.nutritionData,food.nutritionData.nullable.error.com.summitbid.coach.NutritionData,food.nutritionData.nullable.error,com.summitbid.coach.Food.nutritionData.nullable.com.summitbid.coach.Food.nutritionData,com.summitbid.coach.Food.nutritionData.nullable.nutritionData,com.summitbid.coach.Food.nutritionData.nullable.com.summitbid.coach.NutritionData,com.summitbid.coach.Food.nutritionData.nullable,food.nutritionData.nullable.com.summitbid.coach.Food.nutritionData,food.nutritionData.nullable.nutritionData,food.nutritionData.nullable.com.summitbid.coach.NutritionData,food.nutritionData.nullable,nullable.com.summitbid.coach.Food.nutritionData,nullable.nutritionData,nullable.com.summitbid.coach.NutritionData,nullable]; arguments [nutritionData,class com.summitbid.coach.Food]; default message [Property [{0}] of class [{1}] cannot be null]
            |  Food: null, null
            false

	at com.summitbid.coach.FoodUnitTests.testConstraintsFood(FoodUnitTests.groovy:42)
2012-12-02 12:02:54,084 [main] ERROR StackTrace  - Full Stack Trace:
junit.framework.AssertionFailedError: Assertion failed: 

assert null != food.errors["name"]
            |  |    |     |
            |  |    |     null
            |  |    org.grails.datastore.mapping.validation.ValidationErrors: 2 errors
            |  |    Field error in object 'com.summitbid.coach.Food' on field 'description': rejected value [null]; codes [com.summitbid.coach.Food.description.nullable.error.com.summitbid.coach.Food.description,com.summitbid.coach.Food.description.nullable.error.description,com.summitbid.coach.Food.description.nullable.error.java.lang.String,com.summitbid.coach.Food.description.nullable.error,food.description.nullable.error.com.summitbid.coach.Food.description,food.description.nullable.error.description,food.description.nullable.error.java.lang.String,food.description.nullable.error,com.summitbid.coach.Food.description.nullable.com.summitbid.coach.Food.description,com.summitbid.coach.Food.description.nullable.description,com.summitbid.coach.Food.description.nullable.java.lang.String,com.summitbid.coach.Food.description.nullable,food.description.nullable.com.summitbid.coach.Food.description,food.description.nullable.description,food.description.nullable.java.lang.String,food.description.nullable,nullable.com.summitbid.coach.Food.description,nullable.description,nullable.java.lang.String,nullable]; arguments [description,class com.summitbid.coach.Food]; default message [Property [{0}] of class [{1}] cannot be null]
            |  |    Field error in object 'com.summitbid.coach.Food' on field 'nutritionData': rejected value [null]; codes [com.summitbid.coach.Food.nutritionData.nullable.error.com.summitbid.coach.Food.nutritionData,com.summitbid.coach.Food.nutritionData.nullable.error.nutritionData,com.summitbid.coach.Food.nutritionData.nullable.error.com.summitbid.coach.NutritionData,com.summitbid.coach.Food.nutritionData.nullable.error,food.nutritionData.nullable.error.com.summitbid.coach.Food.nutritionData,food.nutritionData.nullable.error.nutritionData,food.nutritionData.nullable.error.com.summitbid.coach.NutritionData,food.nutritionData.nullable.error,com.summitbid.coach.Food.nutritionData.nullable.com.summitbid.coach.Food.nutritionData,com.summitbid.coach.Food.nutritionData.nullable.nutritionData,com.summitbid.coach.Food.nutritionData.nullable.com.summitbid.coach.NutritionData,com.summitbid.coach.Food.nutritionData.nullable,food.nutritionData.nullable.com.summitbid.coach.Food.nutritionData,food.nutritionData.nullable.nutritionData,food.nutritionData.nullable.com.summitbid.coach.NutritionData,food.nutritionData.nullable,nullable.com.summitbid.coach.Food.nutritionData,nullable.nutritionData,nullable.com.summitbid.coach.NutritionData,nullable]; arguments [nutritionData,class com.summitbid.coach.Food]; default message [Property [{0}] of class [{1}] cannot be null]
            |  Food: null, null
            false

	at com.summitbid.coach.FoodUnitTests.testConstraintsFood(FoodUnitTests.groovy:42)
2012-12-02 12:02:55,702 [main] ERROR StackTrace  - Full Stack Trace:
org.springframework.beans.factory.NoSuchBeanDefinitionException: No bean named 'grailsLinkGenerator' is defined
	at org.codehaus.groovy.grails.support.MockApplicationContext.getBean(MockApplicationContext.java:194)
	at org.codehaus.groovy.grails.web.metaclass.RedirectDynamicMethod.getLinkGenerator(RedirectDynamicMethod.java:155)
	at org.codehaus.groovy.grails.web.metaclass.RedirectDynamicMethod.invoke(RedirectDynamicMethod.java:114)
	at org.codehaus.groovy.grails.plugins.web.api.ControllersApi.redirect(ControllersApi.java:231)
	at com.summitbid.coach.AuthorController$_closure2.doCall(AuthorController.groovy:16)
	at groovy.lang.Closure.call(Closure.java:412)
	at groovy.lang.Closure.call(Closure.java:406)
	at com.summitbid.coach.AuthorControllerSpec.some redirect action(AuthorControllerSpec.groovy:18)
2012-12-02 12:02:55,702 [main] ERROR StackTrace  - Full Stack Trace:
org.springframework.beans.factory.NoSuchBeanDefinitionException: No bean named 'grailsLinkGenerator' is defined
	at com.summitbid.coach.AuthorController$_closure2.doCall(AuthorController.groovy:16)
	at com.summitbid.coach.AuthorControllerSpec.some redirect action(AuthorControllerSpec.groovy:18)
2012-12-02 12:02:55,703 [main] ERROR StackTrace  - Full Stack Trace:
org.springframework.beans.factory.NoSuchBeanDefinitionException: No bean named 'grailsLinkGenerator' is defined
	at com.summitbid.coach.AuthorController$_closure2.doCall(AuthorController.groovy:16)
	at com.summitbid.coach.AuthorControllerSpec.some redirect action(AuthorControllerSpec.groovy:18)
2012-12-02 12:02:55,703 [main] ERROR StackTrace  - Full Stack Trace:
org.springframework.beans.factory.NoSuchBeanDefinitionException: No bean named 'grailsLinkGenerator' is defined
	at com.summitbid.coach.AuthorController$_closure2.doCall(AuthorController.groovy:16)
	at com.summitbid.coach.AuthorControllerSpec.some redirect action(AuthorControllerSpec.groovy:18)
2012-12-02 12:02:55,704 [main] ERROR StackTrace  - Full Stack Trace:
org.springframework.beans.factory.NoSuchBeanDefinitionException: No bean named 'grailsLinkGenerator' is defined
	at com.summitbid.coach.AuthorController$_closure2.doCall(AuthorController.groovy:16)
	at com.summitbid.coach.AuthorControllerSpec.some redirect action(AuthorControllerSpec.groovy:18)
2012-12-02 12:02:55,704 [main] ERROR StackTrace  - Full Stack Trace:
org.springframework.beans.factory.NoSuchBeanDefinitionException: No bean named 'grailsLinkGenerator' is defined
	at com.summitbid.coach.AuthorController$_closure2.doCall(AuthorController.groovy:16)
	at com.summitbid.coach.AuthorControllerSpec.some redirect action(AuthorControllerSpec.groovy:18)
